# JRE version: OpenJDK Runtime Environment (11.0.2+9) (build 11.0.2+9-b159.56)
# Java VM: OpenJDK 64-Bit Server VM (11.0.2+9-b159.56, mixed mode, tiered, compressed oops, concurrent mark sweep gc, linux-amd64)
Heap:
 par new generation   total 39296K, used 39296K [0x00000000d1200000, 0x00000000d3ca0000, 0x00000000db860000)
  eden space 34944K, 100% used [0x00000000d1200000, 0x00000000d3420000, 0x00000000d3420000)
  from space 4352K, 100% used [0x00000000d3860000, 0x00000000d3ca0000, 0x00000000d3ca0000)
  to   space 4352K, 100% used [0x00000000d3420000, 0x00000000d3860000, 0x00000000d3860000)
 concurrent mark-sweep generation total 87424K, used 25375K [0x00000000db860000, 0x00000000e0dc0000, 0x0000000100000000)
 Metaspace       used 46185K, capacity 47167K, committed 47688K, reserved 1091584K
  class space    used 5476K, capacity 5929K, committed 6036K, reserved 1048576K
GC Heap History (7 events):
Event: 2,620 GC heap before
{Heap before GC invocations=0 (full 0):
 par new generation   total 39296K, used 34944K [0x00000000d1200000, 0x00000000d3ca0000, 0x00000000db860000)
  eden space 34944K, 100% used [0x00000000d1200000, 0x00000000d3420000, 0x00000000d3420000)
  from space 4352K,   0% used [0x00000000d3420000, 0x00000000d3420000, 0x00000000d3860000)
  to   space 4352K,   0% used [0x00000000d3860000, 0x00000000d3860000, 0x00000000d3ca0000)
 concurrent mark-sweep generation total 87424K, used 0K [0x00000000db860000, 0x00000000e0dc0000, 0x0000000100000000)
 Metaspace       used 12230K, capacity 12573K, committed 12928K, reserved 1060864K
  class space    used 1207K, capacity 1356K, committed 1408K, reserved 1048576K
}
Event: 2,673 GC heap after
{Heap after GC invocations=1 (full 0):
 par new generation   total 39296K, used 4350K [0x00000000d1200000, 0x00000000d3ca0000, 0x00000000db860000)
  eden space 34944K,   0% used [0x00000000d1200000, 0x00000000d1200000, 0x00000000d3420000)
  from space 4352K,  99% used [0x00000000d3860000, 0x00000000d3c9f870, 0x00000000d3ca0000)
  to   space 4352K,   0% used [0x00000000d3420000, 0x00000000d3420000, 0x00000000d3860000)
 concurrent mark-sweep generation total 87424K, used 3672K [0x00000000db860000, 0x00000000e0dc0000, 0x0000000100000000)
 Metaspace       used 12230K, capacity 12573K, committed 12928K, reserved 1060864K
  class space    used 1207K, capacity 1356K, committed 1408K, reserved 1048576K
}
Event: 6,942 GC heap before
{Heap before GC invocations=1 (full 1):
 par new generation   total 39296K, used 39294K [0x00000000d1200000, 0x00000000d3ca0000, 0x00000000db860000)
  eden space 34944K, 100% used [0x00000000d1200000, 0x00000000d3420000, 0x00000000d3420000)
  from space 4352K,  99% used [0x00000000d3860000, 0x00000000d3c9f870, 0x00000000d3ca0000)
  to   space 4352K,   0% used [0x00000000d3420000, 0x00000000d3420000, 0x00000000d3860000)
 concurrent mark-sweep generation total 87424K, used 3672K [0x00000000db860000, 0x00000000e0dc0000, 0x0000000100000000)
 Metaspace       used 25372K, capacity 25991K, committed 26100K, reserved 1073152K
  class space    used 2862K, capacity 3166K, committed 3196K, reserved 1048576K
}
Event: 7,011 GC heap after
{Heap after GC invocations=2 (full 1):
 par new generation   total 39296K, used 4352K [0x00000000d1200000, 0x00000000d3ca0000, 0x00000000db860000)
  eden space 34944K,   0% used [0x00000000d1200000, 0x00000000d1200000, 0x00000000d3420000)
  from space 4352K, 100% used [0x00000000d3420000, 0x00000000d3860000, 0x00000000d3860000)
  to   space 4352K,   0% used [0x00000000d3860000, 0x00000000d3860000, 0x00000000d3ca0000)
 concurrent mark-sweep generation total 87424K, used 10846K [0x00000000db860000, 0x00000000e0dc0000, 0x0000000100000000)
 Metaspace       used 25372K, capacity 25991K, committed 26100K, reserved 1073152K
  class space    used 2862K, capacity 3166K, committed 3196K, reserved 1048576K
}
Event: 13,341 GC heap before
{Heap before GC invocations=2 (full 1):
 par new generation   total 39296K, used 39296K [0x00000000d1200000, 0x00000000d3ca0000, 0x00000000db860000)
  eden space 34944K, 100% used [0x00000000d1200000, 0x00000000d3420000, 0x00000000d3420000)
  from space 4352K, 100% used [0x00000000d3420000, 0x00000000d3860000, 0x00000000d3860000)
  to   space 4352K,   0% used [0x00000000d3860000, 0x00000000d3860000, 0x00000000d3ca0000)
 concurrent mark-sweep generation total 87424K, used 10841K [0x00000000db860000, 0x00000000e0dc0000, 0x0000000100000000)
 Metaspace       used 35496K, capacity 36301K, committed 36680K, reserved 1081344K
  class space    used 4303K, capacity 4685K, committed 4756K, reserved 1048576K
}
Event: 13,380 GC heap after
{Heap after GC invocations=3 (full 1):
 par new generation   total 39296K, used 4352K [0x00000000d1200000, 0x00000000d3ca0000, 0x00000000db860000)
  eden space 34944K,   0% used [0x00000000d1200000, 0x00000000d1200000, 0x00000000d3420000)
  from space 4352K, 100% used [0x00000000d3860000, 0x00000000d3ca0000, 0x00000000d3ca0000)
  to   space 4352K,   0% used [0x00000000d3420000, 0x00000000d3420000, 0x00000000d3860000)
 concurrent mark-sweep generation total 87424K, used 17648K [0x00000000db860000, 0x00000000e0dc0000, 0x0000000100000000)
 Metaspace       used 35496K, capacity 36301K, committed 36680K, reserved 1081344K
  class space    used 4303K, capacity 4685K, committed 4756K, reserved 1048576K
}
Event: 18,442 GC heap before
{Heap before GC invocations=3 (full 1):
 par new generation   total 39296K, used 39296K [0x00000000d1200000, 0x00000000d3ca0000, 0x00000000db860000)
  eden space 34944K, 100% used [0x00000000d1200000, 0x00000000d3420000, 0x00000000d3420000)
  from space 4352K, 100% used [0x00000000d3860000, 0x00000000d3ca0000, 0x00000000d3ca0000)
  to   space 4352K,   0% used [0x00000000d3420000, 0x00000000d3420000, 0x00000000d3860000)
 concurrent mark-sweep generation total 87424K, used 17648K [0x00000000db860000, 0x00000000e0dc0000, 0x0000000100000000)
 Metaspace       used 46185K, capacity 47167K, committed 47688K, reserved 1091584K
  class space    used 5476K, capacity 5929K, committed 6036K, reserved 1048576K
}

